<?xml version="1.0" encoding="UTF-8"?>
<!-- Generated by org.testng.reporters.JUnitReportReporter -->
<testsuite hostname="PTUA-LS0219" name="main.IceLoginTest" tests="2" failures="0" timestamp="12 Dec 2014 14:16:25 GMT" time="5.764" errors="0">
  <testcase name="loginFromHeader" time="5.762" classname="main.IceLoginTest"/>
  <testcase name="loginFromPopup" time="0.002" classname="main.IceLoginTest"/>
</testsuite> <!-- main.IceLoginTest -->
